<?xml version="1.0" encoding="UTF-8"?>
<testng-results skipped="0" failed="0" total="1" passed="1">
  <reporter-output>
  </reporter-output>
  <suite name="Default suite" duration-ms="39038" started-at="2017-01-20T13:24:24Z" finished-at="2017-01-20T13:25:03Z">
    <groups>
    </groups>
    <test name="Default test" duration-ms="39038" started-at="2017-01-20T13:24:24Z" finished-at="2017-01-20T13:25:03Z">
      <class name="QAD.Automation.TestDriver">
        <test-method status="PASS" signature="setUp()[pri:0, instance:QAD.Automation.TestDriver@6d4b1c02]" name="setUp" is-config="true" duration-ms="11902" started-at="2017-01-20T18:54:24Z" finished-at="2017-01-20T18:54:36Z">
          <reporter-output>
          </reporter-output>
        </test-method> <!-- setUp -->
        <test-method status="PASS" signature="QADTest()[pri:0, instance:QAD.Automation.TestDriver@6d4b1c02]" name="QADTest" duration-ms="25086" started-at="2017-01-20T18:54:36Z" finished-at="2017-01-20T18:55:01Z">
          <reporter-output>
          </reporter-output>
        </test-method> <!-- QADTest -->
        <test-method status="PASS" signature="tearDown()[pri:0, instance:QAD.Automation.TestDriver@6d4b1c02]" name="tearDown" is-config="true" duration-ms="1996" started-at="2017-01-20T18:55:01Z" finished-at="2017-01-20T18:55:03Z">
          <reporter-output>
          </reporter-output>
        </test-method> <!-- tearDown -->
      </class> <!-- QAD.Automation.TestDriver -->
    </test> <!-- Default test -->
  </suite> <!-- Default suite -->
</testng-results>
